2024-04-28 17:57:40 INFO  Loggable:9 - Successful database connection
2024-04-28 17:57:41 ERROR Loggable:12 - Could not connect to the database: IO Error: The Network Adapter could not establish the connection
2024-04-28 17:57:41 ERROR Loggable:12 - Error when creating table MAGIC_CARD: java.sql.SQLRecoverableException: IO Error: The Network Adapter could not establish the connection
2024-04-28 17:57:41 INFO  Loggable:9 - Database connection closed
2024-04-28 17:57:41 INFO  Loggable:9 - Successful database connection
2024-04-28 17:57:41 ERROR Loggable:12 - Could not connect to the database: IO Error: The Network Adapter could not establish the connection
2024-04-28 17:59:01 INFO  Loggable:9 - Successful database connection
2024-04-28 17:59:02 ERROR Loggable:12 - Could not connect to the database: IO Error: The Network Adapter could not establish the connection
2024-04-28 17:59:02 ERROR Loggable:12 - Error when creating table MAGIC_CARD: java.sql.SQLRecoverableException: IO Error: The Network Adapter could not establish the connection
2024-04-28 17:59:02 INFO  Loggable:9 - Database connection closed
2024-04-28 17:59:02 INFO  Loggable:9 - Successful database connection
2024-04-28 17:59:02 ERROR Loggable:12 - Could not connect to the database: IO Error: The Network Adapter could not establish the connection
2024-04-28 18:37:41 INFO  Loggable:9 - Successful database connection
2024-04-28 18:37:42 ERROR Loggable:12 - Could not connect to the database: IO Error: The Network Adapter could not establish the connection
2024-04-28 18:37:42 ERROR Loggable:12 - Error when creating table MAGIC_CARD: java.sql.SQLRecoverableException: IO Error: The Network Adapter could not establish the connection
2024-04-28 18:37:42 INFO  Loggable:9 - Database connection closed
2024-04-28 18:37:42 INFO  Loggable:9 - Successful database connection
2024-04-28 18:37:42 ERROR Loggable:12 - Could not connect to the database: IO Error: The Network Adapter could not establish the connection
2024-04-28 18:46:10 INFO  Loggable:9 - Successful database connection
2024-04-28 18:46:10 ERROR Loggable:12 - Could not connect to the database: No suitable driver found for http://localhost:8080/
2024-04-28 18:46:10 ERROR Loggable:12 - Error when creating table MAGIC_CARD: java.sql.SQLException: No suitable driver found for http://localhost:8080/
2024-04-28 18:46:10 INFO  Loggable:9 - Database connection closed
2024-04-28 18:46:10 INFO  Loggable:9 - Successful database connection
2024-04-28 18:46:10 ERROR Loggable:12 - Could not connect to the database: No suitable driver found for http://localhost:8080/
2024-04-28 18:58:58 INFO  Loggable:9 - Successful database connection
2024-04-28 18:58:58 ERROR Loggable:12 - Error when creating table MAGIC_CARD: ORA-00907: missing right parenthesis

2024-04-28 18:58:58 INFO  Loggable:9 - Database connection closed
2024-04-28 18:58:58 INFO  Loggable:9 - Successful database connection
2024-04-28 18:58:58 INFO  Loggable:9 - Successful database connection
2024-04-28 18:58:59 INFO  Loggable:9 - Table MAGIC_SET created successfully
2024-04-28 18:58:59 INFO  Loggable:9 - Database connection closed
2024-04-28 18:58:59 INFO  Loggable:9 - Successful database connection
2024-04-28 19:02:46 INFO  Loggable:9 - Successful database connection
2024-04-28 19:02:47 ERROR Loggable:12 - Error when creating table MAGIC_CARD: ORA-00907: missing right parenthesis

2024-04-28 19:02:47 INFO  Loggable:9 - Database connection closed
2024-04-28 19:02:47 INFO  Loggable:9 - Successful database connection
2024-04-28 19:02:47 INFO  Loggable:9 - Successful database connection
2024-04-28 19:02:47 ERROR Loggable:12 - Error when creating table MAGIC_SET: ORA-00955: name is already used by an existing object

2024-04-28 19:02:47 INFO  Loggable:9 - Database connection closed
2024-04-28 19:02:47 INFO  Loggable:9 - Successful database connection
2024-04-28 19:04:59 INFO  Loggable:9 - Successful database connection
2024-04-28 19:05:00 ERROR Loggable:12 - Error when creating table MAGIC_CARD: ORA-00907: missing right parenthesis

2024-04-28 19:05:00 INFO  Loggable:9 - Database connection closed
2024-04-28 19:05:00 INFO  Loggable:9 - Successful database connection
2024-04-28 19:05:00 INFO  Loggable:9 - Successful database connection
2024-04-28 19:05:00 ERROR Loggable:12 - Error when creating table MAGIC_SET: ORA-00955: name is already used by an existing object

2024-04-28 19:05:00 INFO  Loggable:9 - Database connection closed
2024-04-28 19:05:00 INFO  Loggable:9 - Successful database connection
2024-04-28 19:06:23 INFO  Loggable:9 - Successful database connection
2024-04-28 19:06:24 ERROR Loggable:12 - Error when creating table MAGIC_CARD: ORA-00955: name is already used by an existing object

2024-04-28 19:06:24 INFO  Loggable:9 - Database connection closed
2024-04-28 19:06:24 INFO  Loggable:9 - Successful database connection
2024-04-28 19:06:24 INFO  Loggable:9 - Successful database connection
2024-04-28 19:06:24 ERROR Loggable:12 - Error when creating table MAGIC_SET: ORA-00955: name is already used by an existing object

2024-04-28 19:06:24 INFO  Loggable:9 - Database connection closed
2024-04-28 19:06:24 INFO  Loggable:9 - Successful database connection
2024-04-28 19:10:29 INFO  Loggable:9 - Successful database connection
2024-04-28 19:10:29 ERROR Loggable:12 - Error when creating table MAGIC_CARD: ORA-00933: SQL command not properly ended

2024-04-28 19:10:29 INFO  Loggable:9 - Database connection closed
2024-04-28 19:10:29 INFO  Loggable:9 - Successful database connection
2024-04-28 19:10:29 INFO  Loggable:9 - Successful database connection
2024-04-28 19:10:30 ERROR Loggable:12 - Error when creating table MAGIC_SET: ORA-00933: SQL command not properly ended

2024-04-28 19:10:30 INFO  Loggable:9 - Database connection closed
2024-04-28 19:10:30 INFO  Loggable:9 - Successful database connection
2024-04-28 19:11:10 INFO  Loggable:9 - Successful database connection
2024-04-28 19:11:10 ERROR Loggable:12 - Error when creating table MAGIC_CARD: ORA-00933: SQL command not properly ended

2024-04-28 19:11:10 INFO  Loggable:9 - Database connection closed
2024-04-28 19:11:10 INFO  Loggable:9 - Successful database connection
2024-04-28 19:11:11 INFO  Loggable:9 - Successful database connection
2024-04-28 19:11:11 ERROR Loggable:12 - Error when creating table MAGIC_SET: ORA-00933: SQL command not properly ended

2024-04-28 19:11:11 INFO  Loggable:9 - Database connection closed
2024-04-28 19:11:11 INFO  Loggable:9 - Successful database connection
2024-04-28 19:11:36 INFO  Loggable:9 - Successful database connection
2024-04-28 19:11:37 ERROR Loggable:12 - Error when creating table MAGIC_CARD: ORA-00933: SQL command not properly ended

2024-04-28 19:11:37 INFO  Loggable:9 - Database connection closed
2024-04-28 19:11:37 INFO  Loggable:9 - Successful database connection
2024-04-28 19:11:37 INFO  Loggable:9 - Successful database connection
2024-04-28 19:11:37 ERROR Loggable:12 - Error when creating table MAGIC_SET: ORA-00933: SQL command not properly ended

2024-04-28 19:11:37 INFO  Loggable:9 - Database connection closed
2024-04-28 19:11:37 INFO  Loggable:9 - Successful database connection
2024-04-28 19:12:25 INFO  Loggable:9 - Successful database connection
2024-04-28 19:12:26 ERROR Loggable:12 - Error when creating table MAGIC_CARD: ORA-00933: SQL command not properly ended

2024-04-28 19:12:26 INFO  Loggable:9 - Database connection closed
2024-04-28 19:12:26 INFO  Loggable:9 - Successful database connection
2024-04-28 19:12:26 INFO  Loggable:9 - Successful database connection
2024-04-28 19:12:26 ERROR Loggable:12 - Error when creating table MAGIC_SET: ORA-00933: SQL command not properly ended

2024-04-28 19:12:26 INFO  Loggable:9 - Database connection closed
2024-04-28 19:12:26 INFO  Loggable:9 - Successful database connection
2024-04-28 19:14:35 INFO  Loggable:9 - Successful database connection
2024-04-28 19:14:35 ERROR Loggable:12 - Error when creating table MAGIC_CARD: ORA-00955: name is already used by an existing object

2024-04-28 19:14:35 INFO  Loggable:9 - Database connection closed
2024-04-28 19:14:35 INFO  Loggable:9 - Successful database connection
2024-04-28 19:14:35 INFO  Loggable:9 - Successful database connection
2024-04-28 19:14:36 ERROR Loggable:12 - Error when creating table MAGIC_SET: ORA-00933: SQL command not properly ended

2024-04-28 19:14:36 INFO  Loggable:9 - Database connection closed
2024-04-28 19:14:36 INFO  Loggable:9 - Successful database connection
2024-04-28 19:17:55 INFO  Loggable:9 - Successful database connection
2024-04-28 19:17:55 ERROR Loggable:12 - Error when creating table MAGIC_CARD: ORA-00955: name is already used by an existing object

2024-04-28 19:17:55 INFO  Loggable:9 - Database connection closed
2024-04-28 19:17:55 INFO  Loggable:9 - Successful database connection
2024-04-28 19:17:55 INFO  Loggable:9 - Successful database connection
2024-04-28 19:17:55 ERROR Loggable:12 - Error when creating table MAGIC_SET: ORA-00933: SQL command not properly ended

2024-04-28 19:17:55 INFO  Loggable:9 - Database connection closed
2024-04-28 19:17:55 INFO  Loggable:9 - Successful database connection
2024-04-28 19:18:21 INFO  Loggable:9 - Successful database connection
2024-04-28 19:18:21 ERROR Loggable:12 - Error when creating table MAGIC_CARD: ORA-00955: name is already used by an existing object

2024-04-28 19:18:21 INFO  Loggable:9 - Database connection closed
2024-04-28 19:18:21 INFO  Loggable:9 - Successful database connection
2024-04-28 19:18:21 INFO  Loggable:9 - Successful database connection
2024-04-28 19:18:22 ERROR Loggable:12 - Error when creating table MAGIC_SET: ORA-00933: SQL command not properly ended

2024-04-28 19:18:22 INFO  Loggable:9 - Database connection closed
2024-04-28 19:18:22 INFO  Loggable:9 - Successful database connection
2024-04-28 19:20:54 INFO  Loggable:9 - Successful database connection
2024-04-28 19:20:55 ERROR Loggable:12 - Error when creating table MAGIC_CARD: ORA-00933: SQL command not properly ended

2024-04-28 19:20:55 INFO  Loggable:9 - Database connection closed
2024-04-28 19:20:55 INFO  Loggable:9 - Successful database connection
2024-04-28 19:20:55 INFO  Loggable:9 - Successful database connection
2024-04-28 19:20:55 ERROR Loggable:12 - Error when creating table MAGIC_SET: ORA-00933: SQL command not properly ended

2024-04-28 19:20:55 INFO  Loggable:9 - Database connection closed
2024-04-28 19:20:55 INFO  Loggable:9 - Successful database connection
2024-04-28 19:23:15 INFO  Loggable:9 - Successful database connection
2024-04-28 19:23:21 INFO  Loggable:9 - Table MAGIC_CARD created successfully
2024-04-28 19:23:21 INFO  Loggable:9 - Database connection closed
2024-04-28 19:23:21 INFO  Loggable:9 - Successful database connection
2024-04-28 19:23:21 INFO  Loggable:9 - Successful database connection
2024-04-28 19:23:36 INFO  Loggable:9 - Table MAGIC_SET created successfully
2024-04-28 19:23:36 INFO  Loggable:9 - Database connection closed
2024-04-28 19:23:36 INFO  Loggable:9 - Successful database connection
2024-04-28 19:32:47 INFO  Loggable:9 - Successful database connection
2024-04-28 19:32:58 INFO  Loggable:9 - Table MAGIC_CARD created successfully
2024-04-28 19:32:58 INFO  Loggable:9 - Database connection closed
2024-04-28 19:32:58 INFO  Loggable:9 - Successful database connection
2024-04-28 19:32:58 INFO  Loggable:9 - Successful database connection
2024-04-28 19:33:19 INFO  Loggable:9 - Table MAGIC_SET created successfully
2024-04-28 19:33:19 INFO  Loggable:9 - Database connection closed
2024-04-28 19:33:19 INFO  Loggable:9 - Successful database connection
2024-04-28 19:34:36 INFO  Loggable:9 - Successful database connection
2024-04-28 19:34:42 INFO  Loggable:9 - Table MAGIC_SET created successfully
2024-04-28 19:34:42 INFO  Loggable:9 - Database connection closed
2024-04-28 19:34:42 INFO  Loggable:9 - Successful database connection
2024-04-28 19:34:50 INFO  Loggable:9 - Successful database connection
2024-04-28 19:34:55 INFO  Loggable:9 - Table MAGIC_SET created successfully
2024-04-28 19:34:55 INFO  Loggable:9 - Database connection closed
2024-04-28 19:34:55 INFO  Loggable:9 - Successful database connection
2024-04-28 19:34:55 INFO  Loggable:9 - Successful database connection
2024-04-28 19:34:56 INFO  Loggable:9 - Set read successfully
2024-04-28 19:34:56 INFO  Loggable:9 - Database connection closed
2024-04-28 19:34:56 INFO  Loggable:9 - Successful database connection
2024-04-28 19:35:38 INFO  Loggable:9 - Successful database connection
2024-04-28 19:35:59 INFO  Loggable:9 - Table MAGIC_CARD created successfully
2024-04-28 19:35:59 INFO  Loggable:9 - Database connection closed
2024-04-28 19:35:59 INFO  Loggable:9 - Successful database connection
2024-04-28 19:35:59 INFO  Loggable:9 - Successful database connection
2024-04-28 19:36:19 INFO  Loggable:9 - Table MAGIC_SET created successfully
2024-04-28 19:36:19 INFO  Loggable:9 - Database connection closed
2024-04-28 19:36:19 INFO  Loggable:9 - Successful database connection
2024-04-28 19:36:29 INFO  Loggable:9 - Successful database connection
2024-04-28 19:36:39 INFO  Loggable:9 - Table MAGIC_SET created successfully
2024-04-28 19:36:39 INFO  Loggable:9 - Database connection closed
2024-04-28 19:36:39 INFO  Loggable:9 - Successful database connection
2024-04-28 19:36:39 INFO  Loggable:9 - Successful database connection
2024-04-28 19:36:40 INFO  Loggable:9 - Set read successfully
2024-04-28 19:36:40 INFO  Loggable:9 - Database connection closed
2024-04-28 19:36:40 INFO  Loggable:9 - Successful database connection
2024-04-28 19:37:13 INFO  Loggable:9 - Successful database connection
2024-04-28 19:37:33 INFO  Loggable:9 - Table MAGIC_SET created successfully
2024-04-28 19:37:33 INFO  Loggable:9 - Database connection closed
2024-04-28 19:37:33 INFO  Loggable:9 - Successful database connection
2024-04-28 19:37:33 INFO  Loggable:9 - Successful database connection
2024-04-28 19:37:34 INFO  Loggable:9 - Set read successfully
2024-04-28 19:37:34 INFO  Loggable:9 - Database connection closed
2024-04-28 19:37:34 INFO  Loggable:9 - Successful database connection
2024-04-28 20:40:14 INFO  Loggable:9 - Successful database connection
2024-04-28 20:40:25 INFO  Loggable:9 - Table MAGIC_CARD created successfully
2024-04-28 20:40:25 INFO  Loggable:9 - Database connection closed
2024-04-28 20:40:25 INFO  Loggable:9 - Successful database connection
2024-04-28 20:40:26 INFO  Loggable:9 - Successful database connection
2024-04-28 20:40:46 INFO  Loggable:9 - Table MAGIC_SET created successfully
2024-04-28 20:40:46 INFO  Loggable:9 - Database connection closed
2024-04-28 20:40:46 INFO  Loggable:9 - Successful database connection
2024-04-28 20:44:33 INFO  Loggable:9 - Successful database connection
2024-04-28 20:44:34 ERROR Loggable:12 - Error when creating table MAGIC_CARD: ORA-00955: name is already used by an existing object

2024-04-28 20:44:34 INFO  Loggable:9 - Database connection closed
2024-04-28 20:44:34 INFO  Loggable:9 - Successful database connection
2024-04-28 20:44:34 INFO  Loggable:9 - Successful database connection
2024-04-28 20:44:34 ERROR Loggable:12 - Error when creating table MAGIC_SET: ORA-00955: name is already used by an existing object

2024-04-28 20:44:34 INFO  Loggable:9 - Database connection closed
2024-04-28 20:44:34 INFO  Loggable:9 - Successful database connection
2024-04-28 20:45:30 INFO  Loggable:9 - Successful database connection
2024-04-28 20:45:36 INFO  Loggable:9 - Table MAGIC_CARD created successfully
2024-04-28 20:45:36 INFO  Loggable:9 - Database connection closed
2024-04-28 20:45:36 INFO  Loggable:9 - Successful database connection
2024-04-28 20:45:36 INFO  Loggable:9 - Successful database connection
2024-04-28 20:45:36 INFO  Loggable:9 - Table MAGIC_SET created successfully
2024-04-28 20:45:36 INFO  Loggable:9 - Database connection closed
2024-04-28 20:45:36 INFO  Loggable:9 - Successful database connection
2024-04-28 20:49:09 INFO  Loggable:9 - Successful database connection
2024-04-28 20:49:10 INFO  Loggable:9 - Table MAGIC_CARD created successfully
2024-04-28 20:49:10 INFO  Loggable:9 - Database connection closed
2024-04-28 20:49:10 INFO  Loggable:9 - Successful database connection
2024-04-28 20:49:10 INFO  Loggable:9 - Successful database connection
2024-04-28 20:49:16 INFO  Loggable:9 - Table MAGIC_SET created successfully
2024-04-28 20:49:16 INFO  Loggable:9 - Database connection closed
2024-04-28 20:49:16 INFO  Loggable:9 - Successful database connection
2024-04-28 20:51:03 INFO  Loggable:9 - Successful database connection
2024-04-28 20:51:23 INFO  Loggable:9 - Table MAGIC_SET created successfully
2024-04-28 20:51:23 INFO  Loggable:9 - Database connection closed
2024-04-28 20:51:23 INFO  Loggable:9 - Successful database connection
2024-04-28 20:51:23 INFO  Loggable:9 - Successful database connection
2024-04-28 20:51:23 INFO  Loggable:9 - Set read successfully
2024-04-28 20:51:23 INFO  Loggable:9 - Database connection closed
2024-04-28 20:51:23 INFO  Loggable:9 - Successful database connection
2024-04-28 20:54:09 INFO  Loggable:9 - Successful database connection
2024-04-28 20:54:10 INFO  Loggable:9 - Table MAGIC_CARD created successfully
2024-04-28 20:54:10 INFO  Loggable:9 - Database connection closed
2024-04-28 20:54:10 INFO  Loggable:9 - Successful database connection
2024-04-28 20:54:10 INFO  Loggable:9 - Successful database connection
2024-04-28 20:54:26 INFO  Loggable:9 - Table MAGIC_SET created successfully
2024-04-28 20:54:26 INFO  Loggable:9 - Database connection closed
2024-04-28 20:54:26 INFO  Loggable:9 - Successful database connection
2024-04-28 20:54:36 INFO  Loggable:9 - Successful database connection
2024-04-28 20:54:41 INFO  Loggable:9 - Table MAGIC_CARD created successfully
2024-04-28 20:54:41 INFO  Loggable:9 - Database connection closed
2024-04-28 20:54:41 INFO  Loggable:9 - Successful database connection
2024-04-28 20:54:41 INFO  Loggable:9 - Successful database connection
2024-04-28 20:54:42 INFO  Loggable:9 - Cards read successfully
2024-04-28 20:54:42 INFO  Loggable:9 - Database connection closed
2024-04-28 20:54:42 INFO  Loggable:9 - Successful database connection
2024-04-28 20:55:10 INFO  Loggable:9 - Successful database connection
2024-04-28 20:55:16 INFO  Loggable:9 - Table MAGIC_SET created successfully
2024-04-28 20:55:16 INFO  Loggable:9 - Database connection closed
2024-04-28 20:55:16 INFO  Loggable:9 - Successful database connection
2024-04-28 20:55:16 INFO  Loggable:9 - Successful database connection
2024-04-28 20:55:16 INFO  Loggable:9 - Set read successfully
2024-04-28 20:55:16 INFO  Loggable:9 - Database connection closed
2024-04-28 20:55:16 INFO  Loggable:9 - Successful database connection
